\BOOKMARK [0][-]{chapter.1}{Espacios Vectoriales}{}% 1
\BOOKMARK [1][-]{section.1.1}{Cuerpos}{chapter.1}% 2
\BOOKMARK [1][-]{section.1.2}{Espacios Vectoriales}{chapter.1}% 3
\BOOKMARK [1][-]{section.1.3}{Subespacios generados}{chapter.1}% 4
\BOOKMARK [2][-]{subsection.1.3.1}{Combinaciones lineales}{section.1.3}% 5
\BOOKMARK [1][-]{section.1.4}{Transformaciones lineales}{chapter.1}% 6
\BOOKMARK [2][-]{subsection.1.4.1}{Algebra de Transformaciones Lineales}{section.1.4}% 7
\BOOKMARK [2][-]{subsection.1.4.2}{Matriz representante}{section.1.4}% 8
\BOOKMARK [2][-]{subsection.1.4.3}{Composici\363n y Productos}{section.1.4}% 9
\BOOKMARK [2][-]{subsection.1.4.4}{Invertibilidad}{section.1.4}% 10
\BOOKMARK [1][-]{section.1.5}{Isomorfismos}{chapter.1}% 11
\BOOKMARK [2][-]{subsection.1.5.1}{Matrices representantes}{section.1.5}% 12
\BOOKMARK [2][-]{subsection.1.5.2}{Cambios de Base:}{section.1.5}% 13
\BOOKMARK [1][-]{section.1.6}{Productos de Espacios Vectoriales}{chapter.1}% 14
\BOOKMARK [2][-]{subsection.1.6.1}{Productos y Sumas directas}{section.1.6}% 15
\BOOKMARK [0][-]{chapter.2}{Parte II}{}% 16
\BOOKMARK [1][-]{section.2.1}{Polinomios}{chapter.2}% 17
\BOOKMARK [2][-]{subsection.2.1.1}{Algoritmo de la divisi\363n}{section.2.1}% 18
\BOOKMARK [2][-]{subsection.2.1.2}{Ra\355ces de Polinomios}{section.2.1}% 19
\BOOKMARK [1][-]{section.2.2}{Subespacios invariantes, y valores y vectores propios}{chapter.2}% 20
\BOOKMARK [1][-]{section.2.3}{Matrices triangulares superiores}{chapter.2}% 21
\BOOKMARK [1][-]{section.2.4}{Subespacios propios y Matrices Diagonales}{chapter.2}% 22
\BOOKMARK [0][-]{chapter.3}{Espacios de Producto Interno}{}% 23
\BOOKMARK [1][-]{section.3.1}{Espacio de producto interno}{chapter.3}% 24
\BOOKMARK [1][-]{section.3.2}{Norma}{chapter.3}% 25
